<?xml version="1.0" encoding="UTF-8"?>
<testng-results ignored="0" total="1" passed="1" failed="0" skipped="0">
  <reporter-output>
  </reporter-output>
  <suite started-at="2022-10-16T16:10:07 CEST" name="Default suite" finished-at="2022-10-16T16:10:16 CEST" duration-ms="8276">
    <groups>
    </groups>
    <test started-at="2022-10-16T16:10:07 CEST" name="Default test" finished-at="2022-10-16T16:10:16 CEST" duration-ms="8276">
      <class name="tests.BaseClass">
        <test-method is-config="true" signature="Setup()[pri:0, instance:tests.BaseClass@2ddc9a9f]" started-at="2022-10-16T16:10:07 CEST" name="Setup" finished-at="2022-10-16T16:10:16 CEST" duration-ms="8231" status="PASS">
          <reporter-output>
          </reporter-output>
        </test-method> <!-- Setup -->
        <test-method signature="SampleTest()[pri:0, instance:tests.BaseClass@2ddc9a9f]" started-at="2022-10-16T16:10:16 CEST" name="SampleTest" finished-at="2022-10-16T16:10:16 CEST" duration-ms="4" status="PASS">
          <reporter-output>
          </reporter-output>
        </test-method> <!-- SampleTest -->
        <test-method is-config="true" signature="TearDown()[pri:0, instance:tests.BaseClass@2ddc9a9f]" started-at="2022-10-16T16:10:16 CEST" name="TearDown" finished-at="2022-10-16T16:10:16 CEST" duration-ms="0" status="PASS">
          <reporter-output>
          </reporter-output>
        </test-method> <!-- TearDown -->
      </class> <!-- tests.BaseClass -->
    </test> <!-- Default test -->
  </suite> <!-- Default suite -->
</testng-results>
