<?xml version="1.0" encoding="UTF-8"?>
<testng-results ignored="0" total="0" passed="0" failed="0" skipped="0">
  <reporter-output>
  </reporter-output>
  <suite started-at="2022-10-16T16:16:03 CEST" name="Default suite" finished-at="2022-10-16T16:16:11 CEST" duration-ms="8022">
    <groups>
    </groups>
    <test started-at="2022-10-16T16:16:03 CEST" name="Default test" finished-at="2022-10-16T16:16:11 CEST" duration-ms="8022">
      <class name="tests.BaseClass">
        <test-method is-config="true" signature="Setup()[pri:0, instance:tests.BaseClass@5d534f5d]" started-at="2022-10-16T16:16:03 CEST" name="Setup" finished-at="2022-10-16T16:16:11 CEST" duration-ms="8004" status="PASS">
          <reporter-output>
          </reporter-output>
        </test-method> <!-- Setup -->
        <test-method is-config="true" signature="TearDown()[pri:0, instance:tests.BaseClass@5d534f5d]" started-at="2022-10-16T16:16:11 CEST" name="TearDown" finished-at="2022-10-16T16:16:11 CEST" duration-ms="0" status="PASS">
          <reporter-output>
          </reporter-output>
        </test-method> <!-- TearDown -->
      </class> <!-- tests.BaseClass -->
    </test> <!-- Default test -->
  </suite> <!-- Default suite -->
</testng-results>
